0 info it worked if it ends with ok
1 verbose cli [ 'C:\\Program Files\\nodejs\\node.exe',
1 verbose cli   'C:\\Program Files\\nodejs\\node_modules\\npm\\bin\\npm-cli.js',
1 verbose cli   'start' ]
2 info using npm@3.10.10
3 info using node@v6.11.2
4 verbose run-script [ 'prestart', 'start', 'poststart' ]
5 info lifecycle learningangular@1.0.0~prestart: learningangular@1.0.0
6 silly lifecycle learningangular@1.0.0~prestart: no script for prestart, continuing
7 info lifecycle learningangular@1.0.0~start: learningangular@1.0.0
8 verbose lifecycle learningangular@1.0.0~start: unsafe-perm in lifecycle true
9 verbose lifecycle learningangular@1.0.0~start: PATH: C:\Program Files\nodejs\node_modules\npm\bin\node-gyp-bin;D:\WebstormProjects\Learning Angular 2\node_modules\.bin;C:\Program Files (x86)\Intel\iCLS Client\;C:\Program Files\Intel\iCLS Client\;C:\Program Files\Broadcom\Broadcom 802.11 Network Adapter;C:\WINDOWS\system32;C:\WINDOWS;C:\WINDOWS\System32\Wbem;C:\WINDOWS\System32\WindowsPowerShell\v1.0\;C:\Program Files (x86)\Intel\Intel(R) Management Engine Components\DAL;C:\Program Files\Intel\Intel(R) Management Engine Components\DAL;C:\Program Files (x86)\Intel\Intel(R) Management Engine Components\IPT;C:\Program Files\Intel\Intel(R) Management Engine Components\IPT;C:\Program Files (x86)\Java\jdk1.8.0_45\bin;C:\Program Files (x86)\Heroku\bin;C:\Program Files (x86)\git\cmd;C:\Program Files (x86)\Git\cmd;C:\Program Files\MongoDB\Server\3.2\bin;C:\Program Files\nodejs;C:\Program Files\nodejs\;C:\Program Files (x86)\Skype\Phone\;C:\Users\Vikash Kumar Sharma\AppData\Local\Programs\Python\Python35-32;C:\HashiCorp\Vagrant\bin;C:\Users\Vikash Kumar Sharma\Anaconda3;C:\Users\Vikash Kumar Sharma\Anaconda3\Scripts;C:\Users\Vikash Kumar Sharma\Anaconda3\Library\bin;C:\Users\Vikash Kumar Sharma\AppData\Roaming\npm;C:\Users\Vikash Kumar Sharma\AppData\Local\Microsoft\WindowsApps;;C:\Program Files (x86)\Microsoft VS Code\bin
10 verbose lifecycle learningangular@1.0.0~start: CWD: D:\WebstormProjects\Learning Angular 2
11 silly lifecycle learningangular@1.0.0~start: Args: [ '/d /s /c', 'concurrently "npm run tsc:w" "npm run lite" ' ]
12 silly lifecycle learningangular@1.0.0~start: Returned: code: 1  signal: null
13 info lifecycle learningangular@1.0.0~start: Failed to exec start script
14 verbose stack Error: learningangular@1.0.0 start: `concurrently "npm run tsc:w" "npm run lite" `
14 verbose stack Exit status 1
14 verbose stack     at EventEmitter.<anonymous> (C:\Program Files\nodejs\node_modules\npm\lib\utils\lifecycle.js:255:16)
14 verbose stack     at emitTwo (events.js:106:13)
14 verbose stack     at EventEmitter.emit (events.js:191:7)
14 verbose stack     at ChildProcess.<anonymous> (C:\Program Files\nodejs\node_modules\npm\lib\utils\spawn.js:40:14)
14 verbose stack     at emitTwo (events.js:106:13)
14 verbose stack     at ChildProcess.emit (events.js:191:7)
14 verbose stack     at maybeClose (internal/child_process.js:891:16)
14 verbose stack     at Process.ChildProcess._handle.onexit (internal/child_process.js:226:5)
15 verbose pkgid learningangular@1.0.0
16 verbose cwd D:\WebstormProjects\Learning Angular 2
17 error Windows_NT 10.0.14393
18 error argv "C:\\Program Files\\nodejs\\node.exe" "C:\\Program Files\\nodejs\\node_modules\\npm\\bin\\npm-cli.js" "start"
19 error node v6.11.2
20 error npm  v3.10.10
21 error code ELIFECYCLE
22 error learningangular@1.0.0 start: `concurrently "npm run tsc:w" "npm run lite" `
22 error Exit status 1
23 error Failed at the learningangular@1.0.0 start script 'concurrently "npm run tsc:w" "npm run lite" '.
23 error Make sure you have the latest version of node.js and npm installed.
23 error If you do, this is most likely a problem with the learningangular package,
23 error not with npm itself.
23 error Tell the author that this fails on your system:
23 error     concurrently "npm run tsc:w" "npm run lite"
23 error You can get information on how to open an issue for this project with:
23 error     npm bugs learningangular
23 error Or if that isn't available, you can get their info via:
23 error     npm owner ls learningangular
23 error There is likely additional logging output above.
24 verbose exit [ 1, true ]
